{
  "stats": {
    "suites": 1,
    "tests": 5,
    "passes": 5,
    "pending": 0,
    "failures": 0,
    "start": "2025-12-01T02:22:21.797Z",
    "end": "2025-12-01T02:23:10.570Z",
    "duration": 48773,
    "testsRegistered": 5,
    "passPercent": 100,
    "pendingPercent": 0,
    "other": 0,
    "hasOther": false,
    "skipped": 0,
    "hasSkipped": false
  },
  "results": [
    {
      "uuid": "e1b97596-8d3d-4aeb-ba66-dbf28420909f",
      "title": "",
      "fullFile": "cypress\\e2e\\ProvaQA.cy.js",
      "file": "cypress\\e2e\\ProvaQA.cy.js",
      "beforeHooks": [],
      "afterHooks": [],
      "tests": [],
      "suites": [
        {
          "uuid": "e62013a1-7329-4f1e-884c-3320e0a28333",
          "title": "Testes",
          "fullFile": "",
          "file": "",
          "beforeHooks": [],
          "afterHooks": [],
          "tests": [
            {
              "title": "Login",
              "fullTitle": "Testes Login",
              "timedOut": null,
              "duration": 10159,
              "state": "passed",
              "speed": "slow",
              "pass": true,
              "fail": false,
              "pending": false,
              "context": null,
              "code": "login();\ncy.get('#signInModal', {\n  timeout: 5000\n}).should('not.be.visible');",
              "err": {},
              "uuid": "2097cac7-d5d7-45d7-8718-c7fe21fd2434",
              "parentUUID": "e62013a1-7329-4f1e-884c-3320e0a28333",
              "isHook": false,
              "skipped": false
            },
            {
              "title": "Adicionar item ao carrinho",
              "fullTitle": "Testes Adicionar item ao carrinho",
              "timedOut": null,
              "duration": 3658,
              "state": "passed",
              "speed": "fast",
              "pass": true,
              "fail": false,
              "pending": false,
              "context": null,
              "code": "cy.visit('https://www.demoblaze.com/index.html');\ncy.get('#tbodyid .card-title a').first().click();\ncy.contains('Add to cart').click();\ncy.get('#cartur').click();\ncy.get('#tbodyid tr td:nth-child(2)').should('contain.text', 'Samsung galaxy s6');",
              "err": {},
              "uuid": "d12480dc-a31a-4eab-889c-f671ac6920f4",
              "parentUUID": "e62013a1-7329-4f1e-884c-3320e0a28333",
              "isHook": false,
              "skipped": false
            },
            {
              "title": "Deletar item do carrinho",
              "fullTitle": "Testes Deletar item do carrinho",
              "timedOut": null,
              "duration": 13051,
              "state": "passed",
              "speed": "slow",
              "pass": true,
              "fail": false,
              "pending": false,
              "context": null,
              "code": "login();\ncy.get('#tbodyid .card-title a').first().click();\ncy.contains('Add to cart').click();\ncy.get('#cartur').click();\ncy.contains('Delete').click();\ncy.get('#tbodyid tr').should('not.exist');",
              "err": {},
              "uuid": "8f67f850-2ebb-48cb-93af-3d85f5d027ae",
              "parentUUID": "e62013a1-7329-4f1e-884c-3320e0a28333",
              "isHook": false,
              "skipped": false
            },
            {
              "title": "Teste Login",
              "fullTitle": "Testes Teste Login",
              "timedOut": null,
              "duration": 9473,
              "state": "passed",
              "speed": "medium",
              "pass": true,
              "fail": false,
              "pending": false,
              "context": null,
              "code": "login();\ncy.get('#nameofuser').click().should('contain.text', 'Welcome Kawan');",
              "err": {},
              "uuid": "16392238-93c2-42f3-8d32-705870098fff",
              "parentUUID": "e62013a1-7329-4f1e-884c-3320e0a28333",
              "isHook": false,
              "skipped": false
            },
            {
              "title": "Erro Login",
              "fullTitle": "Testes Erro Login",
              "timedOut": null,
              "duration": 9488,
              "state": "passed",
              "speed": "medium",
              "pass": true,
              "fail": false,
              "pending": false,
              "context": null,
              "code": "cy.visit('https://www.demoblaze.com/index.html');\ncy.get('#login2').click();\ncy.wait(4000);\ncy.get('#loginusername').should('be.visible').type(\"Kawan\");\ncy.wait(2000);\ncy.get('#loginpassword').should('be.visible').type(\"errado\");\ncy.get('#logInModal button.btn-primary').click();\ncy.wait(2000);\ncy.get('#logInModalLabel').should('be.visible');",
              "err": {},
              "uuid": "0e4a1406-9bab-4d2c-b8d3-6fbe89ddc305",
              "parentUUID": "e62013a1-7329-4f1e-884c-3320e0a28333",
              "isHook": false,
              "skipped": false
            }
          ],
          "suites": [],
          "passes": [
            "2097cac7-d5d7-45d7-8718-c7fe21fd2434",
            "d12480dc-a31a-4eab-889c-f671ac6920f4",
            "8f67f850-2ebb-48cb-93af-3d85f5d027ae",
            "16392238-93c2-42f3-8d32-705870098fff",
            "0e4a1406-9bab-4d2c-b8d3-6fbe89ddc305"
          ],
          "failures": [],
          "pending": [],
          "skipped": [],
          "duration": 45829,
          "root": false,
          "rootEmpty": false,
          "_timeout": 2000
        }
      ],
      "passes": [],
      "failures": [],
      "pending": [],
      "skipped": [],
      "duration": 0,
      "root": true,
      "rootEmpty": true,
      "_timeout": 2000
    }
  ],
  "meta": {
    "mocha": {
      "version": "7.2.0"
    },
    "mochawesome": {
      "options": {
        "quiet": false,
        "reportFilename": "mochawesome",
        "saveHtml": false,
        "saveJson": true,
        "consoleReporter": "spec",
        "useInlineDiffs": false,
        "code": true
      },
      "version": "7.1.4"
    },
    "marge": {
      "options": {
        "reportDir": "cypress/mochareports",
        "overwrite": false,
        "html": false,
        "json": true,
        "reportPageTitle": "Relatório de Testes de UI - Prova"
      },
      "version": "6.3.2"
    }
  }
}